
  .   ____          _            __ _ _
 /\\ / ___'_ __ _ _(_)_ __  __ _ \ \ \ \
( ( )\___ | '_ | '_| | '_ \/ _` | \ \ \ \
 \\/  ___)| |_)| | | | | || (_| |  ) ) ) )
  '  |____| .__|_| |_|_| |_\__, | / / / /
 =========|_|==============|___/=/_/_/_/

 :: Spring Boot ::                (v4.0.2)

2026-02-12T10:07:41.677+01:00  INFO 21196 --- [Proyecto] [           main] c.Ejemplo.Proyecto.ProyectoApplication   : Starting ProyectoApplication v0.0.1-SNAPSHOT using Java 17.0.18 with PID 21196 (C:\Users\ines.garcia\Downloads\Proyecto\Proyecto\target\Proyecto-0.0.1-SNAPSHOT.jar started by ines.garcia in C:\Users\ines.garcia\Downloads\Proyecto\Proyecto)
2026-02-12T10:07:41.683+01:00  INFO 21196 --- [Proyecto] [           main] c.Ejemplo.Proyecto.ProyectoApplication   : No active profile set, falling back to 1 default profile: "default"
2026-02-12T10:07:42.665+01:00  INFO 21196 --- [Proyecto] [           main] .s.d.r.c.RepositoryConfigurationDelegate : Bootstrapping Spring Data JPA repositories in DEFAULT mode.
2026-02-12T10:07:42.732+01:00  INFO 21196 --- [Proyecto] [           main] .s.d.r.c.RepositoryConfigurationDelegate : Finished Spring Data repository scanning in 50 ms. Found 1 JPA repository interface.
2026-02-12T10:07:43.466+01:00  INFO 21196 --- [Proyecto] [           main] o.s.boot.tomcat.TomcatWebServer          : Tomcat initialized with port 8080 (http)
2026-02-12T10:07:43.485+01:00  INFO 21196 --- [Proyecto] [           main] o.apache.catalina.core.StandardService   : Starting service [Tomcat]
2026-02-12T10:07:43.485+01:00  INFO 21196 --- [Proyecto] [           main] o.apache.catalina.core.StandardEngine    : Starting Servlet engine: [Apache Tomcat/11.0.15]
2026-02-12T10:07:43.525+01:00  INFO 21196 --- [Proyecto] [           main] b.w.c.s.WebApplicationContextInitializer : Root WebApplicationContext: initialization completed in 1761 ms
2026-02-12T10:07:43.736+01:00  INFO 21196 --- [Proyecto] [           main] org.hibernate.orm.jpa                    : HHH008540: Processing PersistenceUnitInfo [name: default]
2026-02-12T10:07:43.819+01:00  INFO 21196 --- [Proyecto] [           main] org.hibernate.orm.core                   : HHH000001: Hibernate ORM core version 7.2.1.Final
2026-02-12T10:07:44.474+01:00  INFO 21196 --- [Proyecto] [           main] o.s.o.j.p.SpringPersistenceUnitInfo      : No LoadTimeWeaver setup: ignoring JPA class transformer
2026-02-12T10:07:44.529+01:00  INFO 21196 --- [Proyecto] [           main] com.zaxxer.hikari.HikariDataSource       : HikariPool-1 - Starting...
2026-02-12T10:07:44.731+01:00  INFO 21196 --- [Proyecto] [           main] com.zaxxer.hikari.pool.HikariPool        : HikariPool-1 - Added connection conn0: url=jdbc:h2:mem:testdb user=SA
2026-02-12T10:07:44.733+01:00  INFO 21196 --- [Proyecto] [           main] com.zaxxer.hikari.HikariDataSource       : HikariPool-1 - Start completed.
2026-02-12T10:07:44.755+01:00  WARN 21196 --- [Proyecto] [           main] org.hibernate.orm.deprecation            : HHH90000025: H2Dialect does not need to be specified explicitly using 'hibernate.dialect' (remove the property setting and it will be selected by default)
2026-02-12T10:07:44.784+01:00  INFO 21196 --- [Proyecto] [           main] org.hibernate.orm.connections.pooling    : HHH10001005: Database info:
	Database JDBC URL [jdbc:h2:mem:testdb]
	Database driver: H2 JDBC Driver
	Database dialect: H2Dialect
	Database version: 2.4.240
	Default catalog/schema: TESTDB/PUBLIC
	Autocommit mode: undefined/unknown
	Isolation level: READ_COMMITTED [default READ_COMMITTED]
	JDBC fetch size: 100
	Pool: DataSourceConnectionProvider
	Minimum pool size: undefined/unknown
	Maximum pool size: undefined/unknown
2026-02-12T10:07:45.623+01:00  INFO 21196 --- [Proyecto] [           main] org.hibernate.orm.core                   : HHH000489: No JTA platform available (set 'hibernate.transaction.jta.platform' to enable JTA platform integration)
Hibernate: drop table if exists alumno cascade 
Hibernate: create table alumno (id bigint generated by default as identity, email varchar(255), nombre varchar(255), primary key (id))
2026-02-12T10:07:45.663+01:00  INFO 21196 --- [Proyecto] [           main] j.LocalContainerEntityManagerFactoryBean : Initialized JPA EntityManagerFactory for persistence unit 'default'
2026-02-12T10:07:45.759+01:00  INFO 21196 --- [Proyecto] [           main] o.s.d.j.r.query.QueryEnhancerFactories   : Hibernate is in classpath; If applicable, HQL parser will be used.
2026-02-12T10:07:46.161+01:00  WARN 21196 --- [Proyecto] [           main] JpaBaseConfiguration$JpaWebConfiguration : spring.jpa.open-in-view is enabled by default. Therefore, database queries may be performed during view rendering. Explicitly configure spring.jpa.open-in-view to disable this warning
2026-02-12T10:07:46.265+01:00  INFO 21196 --- [Proyecto] [           main] r$InitializeUserDetailsManagerConfigurer : Global AuthenticationManager configured with UserDetailsService bean with name userDetailsService
2026-02-12T10:07:46.826+01:00  INFO 21196 --- [Proyecto] [           main] o.s.boot.tomcat.TomcatWebServer          : Tomcat started on port 8080 (http) with context path '/'
2026-02-12T10:07:46.844+01:00  INFO 21196 --- [Proyecto] [           main] c.Ejemplo.Proyecto.ProyectoApplication   : Started ProyectoApplication in 5.722 seconds (process running for 6.422)
2026-02-12T10:07:47.054+01:00  INFO 21196 --- [Proyecto] [nio-8080-exec-1] o.a.c.c.C.[Tomcat].[localhost].[/]       : Initializing Spring DispatcherServlet 'dispatcherServlet'
2026-02-12T10:07:47.054+01:00  INFO 21196 --- [Proyecto] [nio-8080-exec-1] o.s.web.servlet.DispatcherServlet        : Initializing Servlet 'dispatcherServlet'
2026-02-12T10:07:47.056+01:00  INFO 21196 --- [Proyecto] [nio-8080-exec-1] o.s.web.servlet.DispatcherServlet        : Completed initialization in 2 ms
Hibernate: insert into alumno (email,nombre,id) values (?,?,default)
